<?xml version="1.0" encoding="UTF-8"?>
<!-- Generated by org.testng.reporters.JUnitReportReporter -->
<testsuite hostname="DESKTOP-ADHBMR5" failures="0" tests="1" name="com.crm.comcast.createproductwithvendorAssignment.CreateProductwithvendor" time="17.025" errors="0" timestamp="2022-06-20T16:26:15 IST" skipped="0">
  <testcase classname="com.crm.comcast.createproductwithvendorAssignment.CreateProductwithvendor" name="createproductWithVendorTest" time="17.025"/>
  <system-out/>
</testsuite> <!-- com.crm.comcast.createproductwithvendorAssignment.CreateProductwithvendor -->
