<?xml version="1.0" encoding="UTF-8"?>
<!-- Generated by org.testng.reporters.JUnitReportReporter -->
<testsuite hostname="DESKTOP-ADHBMR5" failures="0" tests="1" name="com.crm.comcast.createContactTeamSellingTeamAssignment.CreateContactTeamSelling" time="15.346" errors="0" timestamp="2022-06-23T13:07:36 IST" skipped="0">
  <testcase classname="com.crm.comcast.createContactTeamSellingTeamAssignment.CreateContactTeamSelling" name="createContactTeamSellingTest" time="15.346"/>
  <system-out/>
</testsuite> <!-- com.crm.comcast.createContactTeamSellingTeamAssignment.CreateContactTeamSelling -->
