<?xml version="1.0" encoding="UTF-8"?>
<!-- Generated by org.testng.reporters.JUnitReportReporter -->
<testsuite hostname="DESKTOP-ADHBMR5" failures="0" tests="1" name="com.crm.vTiger.TestNG.CreateProductwithvendor" time="29.605" errors="0" timestamp="2022-06-13T16:53:21 IST" skipped="0">
  <testcase classname="com.crm.vTiger.TestNG.CreateProductwithvendor" name="CreateProductwithvendor" time="29.605"/>
  <system-out/>
</testsuite> <!-- com.crm.vTiger.TestNG.CreateProductwithvendor -->
