<?xml version="1.0" encoding="UTF-8"?>
<!-- Generated by org.testng.reporters.JUnitReportReporter -->
<testsuite hostname="DESKTOP-ADHBMR5" failures="0" tests="3" name="com.crm.practise.TestNGTest.DataProviderUseThreeDataTest" time="0.017" errors="0" timestamp="2022-06-20T16:32:14 IST" skipped="0">
  <testcase classname="com.crm.practise.TestNGTest.DataProviderUseThreeDataTest" name="bankTransaction" time="0.010"/>
  <system-out/>
  <testcase classname="com.crm.practise.TestNGTest.DataProviderUseThreeDataTest" name="bankTransaction" time="0.006"/>
  <system-out/>
  <testcase classname="com.crm.practise.TestNGTest.DataProviderUseThreeDataTest" name="bankTransaction" time="0.001"/>
  <system-out/>
</testsuite> <!-- com.crm.practise.TestNGTest.DataProviderUseThreeDataTest -->
