<?xml version="1.0" encoding="UTF-8"?>
<!-- Generated by org.testng.reporters.JUnitReportReporter -->
<testsuite hostname="DESKTOP-ADHBMR5" failures="0" tests="1" name="com.crm.comcast.createcontactgotocamapignAssignment.CreatecontactwithcampaignTest" time="26.529" errors="0" timestamp="2022-06-24T15:26:02 IST" skipped="0">
  <testcase classname="com.crm.comcast.createcontactgotocamapignAssignment.CreatecontactwithcampaignTest" name="Createcontactwithcampaign" time="26.529"/>
  <system-out/>
</testsuite> <!-- com.crm.comcast.createcontactgotocamapignAssignment.CreatecontactwithcampaignTest -->
