<?xml version="1.0" encoding="UTF-8"?>
<!-- Generated by org.testng.reporters.JUnitReportReporter -->
<testsuite hostname="DESKTOP-ADHBMR5" failures="0" tests="3" name="com.crm.practise.TestNG.DataProviderUseThreeDataTest" time="0.017" errors="0" timestamp="2022-06-14T12:55:44 IST" skipped="0">
  <testcase classname="com.crm.practise.TestNG.DataProviderUseThreeDataTest" name="bankTransaction" time="0.003"/>
  <system-out/>
  <testcase classname="com.crm.practise.TestNG.DataProviderUseThreeDataTest" name="bankTransaction" time="0.010"/>
  <system-out/>
  <testcase classname="com.crm.practise.TestNG.DataProviderUseThreeDataTest" name="bankTransaction" time="0.004"/>
  <system-out/>
</testsuite> <!-- com.crm.practise.TestNG.DataProviderUseThreeDataTest -->
