<?xml version="1.0" encoding="UTF-8"?>
<!-- Generated by org.testng.reporters.JUnitReportReporter -->
<testsuite hostname="DESKTOP-ADHBMR5" failures="0" tests="3" name="com.crm.practise.TestNG.DataProviderTest" time="0.020" errors="0" timestamp="2022-06-14T12:36:13 IST" skipped="0">
  <testcase classname="com.crm.practise.TestNG.DataProviderTest" name="bookTicket" time="0.005"/>
  <system-out/>
  <testcase classname="com.crm.practise.TestNG.DataProviderTest" name="bookTicket" time="0.010"/>
  <system-out/>
  <testcase classname="com.crm.practise.TestNG.DataProviderTest" name="bookTicket" time="0.005"/>
  <system-out/>
</testsuite> <!-- com.crm.practise.TestNG.DataProviderTest -->
