<?xml version="1.0" encoding="UTF-8"?>
<!-- Generated by org.testng.reporters.JUnitReportReporter -->
<testsuite hostname="DESKTOP-ADHBMR5" failures="0" tests="1" name="com.crm.vTiger.TestNG.CreateContactwithOrganization" time="29.010" errors="0" timestamp="2022-06-16T13:36:24 IST" skipped="0">
  <testcase classname="com.crm.vTiger.TestNG.CreateContactwithOrganization" name="createContactwithOrganization" time="29.010"/>
  <system-out/>
</testsuite> <!-- com.crm.vTiger.TestNG.CreateContactwithOrganization -->
