<?xml version="1.0" encoding="UTF-8"?>
<!-- Generated by org.testng.reporters.JUnitReportReporter -->
<testsuite hostname="DESKTOP-ADHBMR5" failures="0" tests="8" name="com.crm.vTiger.TestNG.AnimalSize" time="0.034" errors="0" timestamp="2022-06-21T11:10:42 IST" skipped="0">
  <testcase classname="com.crm.vTiger.TestNG.AnimalSize" name="zebraTest" time="0.001"/>
  <system-out/>
  <testcase classname="com.crm.vTiger.TestNG.AnimalSize" name="antTest" time="0.012"/>
  <system-out/>
  <testcase classname="com.crm.vTiger.TestNG.AnimalSize" name="antTest" time="0.004"/>
  <system-out/>
  <testcase classname="com.crm.vTiger.TestNG.AnimalSize" name="elephantTest" time="0.002"/>
  <system-out>
    <![CDATA[big]]>
  </system-out>
  <testcase classname="com.crm.vTiger.TestNG.AnimalSize" name="elephantTest" time="0.005"/>
  <system-out>
    <![CDATA[big]]>
  </system-out>
  <testcase classname="com.crm.vTiger.TestNG.AnimalSize" name="elephantTest" time="0.005"/>
  <system-out>
    <![CDATA[big]]>
  </system-out>
  <testcase classname="com.crm.vTiger.TestNG.AnimalSize" name="elephantTest" time="0.003"/>
  <system-out>
    <![CDATA[big]]>
  </system-out>
  <testcase classname="com.crm.vTiger.TestNG.AnimalSize" name="elephantTest" time="0.002"/>
  <system-out>
    <![CDATA[big]]>
  </system-out>
</testsuite> <!-- com.crm.vTiger.TestNG.AnimalSize -->
