<?xml version="1.0" encoding="UTF-8"?>
<!-- Generated by org.testng.reporters.JUnitReportReporter -->
<testsuite hostname="DESKTOP-ADHBMR5" failures="0" tests="3" name="com.crm.practise.TestNGTest.DataProviderTest" time="0.022" errors="0" timestamp="2022-06-20T16:32:02 IST" skipped="0">
  <testcase classname="com.crm.practise.TestNGTest.DataProviderTest" name="bookTicket" time="0.011"/>
  <system-out/>
  <testcase classname="com.crm.practise.TestNGTest.DataProviderTest" name="bookTicket" time="0.009"/>
  <system-out/>
  <testcase classname="com.crm.practise.TestNGTest.DataProviderTest" name="bookTicket" time="0.002"/>
  <system-out/>
</testsuite> <!-- com.crm.practise.TestNGTest.DataProviderTest -->
