<?xml version="1.0" encoding="UTF-8"?>
<!-- Generated by org.testng.reporters.JUnitReportReporter -->
<testsuite hostname="DESKTOP-ADHBMR5" failures="0" tests="1" name="com.crm.comcast.createcontactwithorg.assognment.CreateContactwithOrganization" time="17.182" errors="0" timestamp="2022-06-20T16:22:46 IST" skipped="0">
  <testcase classname="com.crm.comcast.createcontactwithorg.assognment.CreateContactwithOrganization" name="createContactWithOrganTest" time="17.182"/>
  <system-out/>
</testsuite> <!-- com.crm.comcast.createcontactwithorg.assognment.CreateContactwithOrganization -->
