<?xml version="1.0" encoding="UTF-8"?>
<!-- Generated by org.testng.reporters.JUnitReportReporter -->
<testsuite hostname="DESKTOP-ADHBMR5" failures="0" tests="8" name="com.crm.vtiger.AnimalSize" time="0.025" errors="0" timestamp="2022-06-20T16:36:17 IST" skipped="0">
  <testcase classname="com.crm.vtiger.AnimalSize" name="antTest" time="0.011"/>
  <system-out/>
  <testcase classname="com.crm.vtiger.AnimalSize" name="zebraTest" time="0.002"/>
  <system-out/>
  <testcase classname="com.crm.vtiger.AnimalSize" name="antTest" time="0.002"/>
  <system-out/>
  <testcase classname="com.crm.vtiger.AnimalSize" name="elephantTest" time="0.002"/>
  <system-out>
    <![CDATA[big]]>
  </system-out>
  <testcase classname="com.crm.vtiger.AnimalSize" name="elephantTest" time="0.003"/>
  <system-out>
    <![CDATA[big]]>
  </system-out>
  <testcase classname="com.crm.vtiger.AnimalSize" name="elephantTest" time="0.002"/>
  <system-out>
    <![CDATA[big]]>
  </system-out>
  <testcase classname="com.crm.vtiger.AnimalSize" name="elephantTest" time="0.001"/>
  <system-out>
    <![CDATA[big]]>
  </system-out>
  <testcase classname="com.crm.vtiger.AnimalSize" name="elephantTest" time="0.002"/>
  <system-out>
    <![CDATA[big]]>
  </system-out>
</testsuite> <!-- com.crm.vtiger.AnimalSize -->
