<?xml version="1.0" encoding="UTF-8"?>
<!-- Generated by org.testng.reporters.JUnitReportReporter -->
<testsuite hostname="DESKTOP-ADHBMR5" failures="0" tests="1" name="createproductAssignment.CreateProductAssignments" time="15.047" errors="0" timestamp="2022-06-20T16:40:50 IST" skipped="0">
  <testcase classname="createproductAssignment.CreateProductAssignments" name="cteproductAssignment" time="15.047"/>
  <system-out/>
</testsuite> <!-- createproductAssignment.CreateProductAssignments -->
