<?xml version="1.0" encoding="UTF-8"?>
<!-- Generated by org.testng.reporters.JUnitReportReporter -->
<testsuite hostname="DESKTOP-ADHBMR5" failures="0" tests="1" name="com.crm.vTiger.TestNG.CreateConatctsTest" time="26.955" errors="0" timestamp="2022-06-21T11:38:13 IST" skipped="0">
  <testcase classname="com.crm.vTiger.TestNG.CreateConatctsTest" name="createConatctsTest" time="26.955"/>
  <system-out/>
</testsuite> <!-- com.crm.vTiger.TestNG.CreateConatctsTest -->
