<?xml version="1.0" encoding="UTF-8"?>
<!-- Generated by org.testng.reporters.JUnitReportReporter -->
<testsuite hostname="DESKTOP-ADHBMR5" failures="0" tests="1" name="com.crm.comcast.createcontactgotocamapignAssignment.Createcontactwithcampaign" time="23.849" errors="0" timestamp="2022-06-20T16:18:45 IST" skipped="0">
  <testcase classname="com.crm.comcast.createcontactgotocamapignAssignment.Createcontactwithcampaign" name="Createcontactwithcampaign" time="23.849"/>
  <system-out/>
</testsuite> <!-- com.crm.comcast.createcontactgotocamapignAssignment.Createcontactwithcampaign -->
